INFO - 561 - Inside startServer()
INFO - 561 - Inside startServer()
INFO - 853 - Inside startServer()
INFO - 853 - Inside startServer()
INFO - 862 - Created directory for currency pair: btcusdt
INFO - 862 - Created directory for currency pair: ethusdt
INFO - 897 - [31m[1mWARNING: This is a development server. Do not use it in a production deployment. Use a production WSGI server instead.[0m
 * Running on all addresses (0.0.0.0)
 * Running on http://127.0.0.1:5000
 * Running on http://192.168.43.112:5000
INFO - 897 - [33mPress CTRL+C to quit[0m
ERROR - 898 - signal only works in main thread of the main interpreter
ERROR - 898 - signal only works in main thread of the main interpreter
INFO - 981 - Websocket connected
INFO - 995 - Websocket connected
INFO - 108 - 2023-12-05_10-14-09_ - {"e":"24hrTicker","E":1701751448537,"s":"ETHUSDT","p":"3.14","P":"0.141","w":"2238.13","c":"2228.99","Q":"0.051","o":"2225.85","h":"2276.84","l":"2200.90","v":"3504228.220","q":"7842924377.02","O":1701665040000,"C":1701751448536,"F":3405901792,"L":3408874144,"n":2972213}
INFO - 108 - 2023-12-05_10-14-09_ - {"e":"24hrTicker","E":1701751448537,"s":"ETHUSDT","p":"3.14","P":"0.141","w":"2238.13","c":"2228.99","Q":"0.051","o":"2225.85","h":"2276.84","l":"2200.90","v":"3504228.220","q":"7842924377.02","O":1701665040000,"C":1701751448536,"F":3405901792,"L":3408874144,"n":2972213}
INFO - 110 - 2023-12-05_10-14-09_ - {"e":"24hrTicker","E":1701751448537,"s":"ETHUSDT","p":"3.14","P":"0.141","w":"2238.13","c":"2228.99","Q":"0.051","o":"2225.85","h":"2276.84","l":"2200.90","v":"3504228.220","q":"7842924377.02","O":1701665040000,"C":1701751448536,"F":3405901792,"L":3408874144,"n":2972213}
INFO - 613 - 2023-12-05_10-14-09_ - {"e":"24hrTicker","E":1701751448426,"s":"BTCUSDT","p":"902.60","P":"2.208","w":"41656.59","c":"41789.60","Q":"0.011","o":"40887.00","h":"42440.00","l":"40832.00","v":"532293.688","q":"22173537497.63","O":1701665040000,"C":1701751448424,"F":4343265950,"L":4347784192,"n":4517999}
INFO - 613 - 2023-12-05_10-14-09_ - {"e":"24hrTicker","E":1701751448426,"s":"BTCUSDT","p":"902.60","P":"2.208","w":"41656.59","c":"41789.60","Q":"0.011","o":"40887.00","h":"42440.00","l":"40832.00","v":"532293.688","q":"22173537497.63","O":1701665040000,"C":1701751448424,"F":4343265950,"L":4347784192,"n":4517999}
INFO - 616 - 2023-12-05_10-14-09_ - {"e":"24hrTicker","E":1701751448426,"s":"BTCUSDT","p":"902.60","P":"2.208","w":"41656.59","c":"41789.60","Q":"0.011","o":"40887.00","h":"42440.00","l":"40832.00","v":"532293.688","q":"22173537497.63","O":1701665040000,"C":1701751448424,"F":4343265950,"L":4347784192,"n":4517999}
INFO - 113 - 2023-12-05_10-14-11_ - {"e":"24hrTicker","E":1701751450846,"s":"ETHUSDT","p":"3.14","P":"0.141","w":"2238.13","c":"2228.99","Q":"0.050","o":"2225.85","h":"2276.84","l":"2200.90","v":"3504228.556","q":"7842925125.97","O":1701665040000,"C":1701751450845,"F":3405901792,"L":3408874146,"n":2972215}
INFO - 113 - 2023-12-05_10-14-11_ - {"e":"24hrTicker","E":1701751450846,"s":"ETHUSDT","p":"3.14","P":"0.141","w":"2238.13","c":"2228.99","Q":"0.050","o":"2225.85","h":"2276.84","l":"2200.90","v":"3504228.556","q":"7842925125.97","O":1701665040000,"C":1701751450845,"F":3405901792,"L":3408874146,"n":2972215}
INFO - 113 - 2023-12-05_10-14-11_ - {"e":"24hrTicker","E":1701751450846,"s":"ETHUSDT","p":"3.14","P":"0.141","w":"2238.13","c":"2228.99","Q":"0.050","o":"2225.85","h":"2276.84","l":"2200.90","v":"3504228.556","q":"7842925125.97","O":1701665040000,"C":1701751450845,"F":3405901792,"L":3408874146,"n":2972215}
INFO - 706 - 2023-12-05_10-14-11_ - {"e":"24hrTicker","E":1701751451186,"s":"BTCUSDT","p":"902.50","P":"2.207","w":"41656.59","c":"41789.50","Q":"0.001","o":"40887.00","h":"42440.00","l":"40832.00","v":"532293.726","q":"22173539085.63","O":1701665040000,"C":1701751451185,"F":4343265950,"L":4347784195,"n":4518002}
INFO - 706 - 2023-12-05_10-14-11_ - {"e":"24hrTicker","E":1701751451186,"s":"BTCUSDT","p":"902.50","P":"2.207","w":"41656.59","c":"41789.50","Q":"0.001","o":"40887.00","h":"42440.00","l":"40832.00","v":"532293.726","q":"22173539085.63","O":1701665040000,"C":1701751451185,"F":4343265950,"L":4347784195,"n":4518002}
INFO - 721 - 2023-12-05_10-14-11_ - {"e":"24hrTicker","E":1701751451186,"s":"BTCUSDT","p":"902.50","P":"2.207","w":"41656.59","c":"41789.50","Q":"0.001","o":"40887.00","h":"42440.00","l":"40832.00","v":"532293.726","q":"22173539085.63","O":1701665040000,"C":1701751451185,"F":4343265950,"L":4347784195,"n":4518002}
INFO - 302 - 2023-12-05_10-14-13_ - {"e":"24hrTicker","E":1701751451579,"s":"ETHUSDT","p":"3.14","P":"0.141","w":"2238.13","c":"2228.99","Q":"0.008","o":"2225.85","h":"2276.84","l":"2200.90","v":"3504228.564","q":"7842925143.80","O":1701665040000,"C":1701751451577,"F":3405901792,"L":3408874147,"n":2972216}
INFO - 302 - 2023-12-05_10-14-13_ - {"e":"24hrTicker","E":1701751451579,"s":"ETHUSDT","p":"3.14","P":"0.141","w":"2238.13","c":"2228.99","Q":"0.008","o":"2225.85","h":"2276.84","l":"2200.90","v":"3504228.564","q":"7842925143.80","O":1701665040000,"C":1701751451577,"F":3405901792,"L":3408874147,"n":2972216}
INFO - 302 - 2023-12-05_10-14-13_ - {"e":"24hrTicker","E":1701751451579,"s":"ETHUSDT","p":"3.14","P":"0.141","w":"2238.13","c":"2228.99","Q":"0.008","o":"2225.85","h":"2276.84","l":"2200.90","v":"3504228.564","q":"7842925143.80","O":1701665040000,"C":1701751451577,"F":3405901792,"L":3408874147,"n":2972216}
INFO - 603 - 2023-12-05_10-14-13_ - {"e":"24hrTicker","E":1701751452959,"s":"BTCUSDT","p":"902.50","P":"2.207","w":"41656.59","c":"41789.50","Q":"0.120","o":"40887.00","h":"42440.00","l":"40832.00","v":"532294.848","q":"22173585973.55","O":1701665040000,"C":1701751452958,"F":4343265950,"L":4347784198,"n":4518005}
INFO - 603 - 2023-12-05_10-14-13_ - {"e":"24hrTicker","E":1701751452959,"s":"BTCUSDT","p":"902.50","P":"2.207","w":"41656.59","c":"41789.50","Q":"0.120","o":"40887.00","h":"42440.00","l":"40832.00","v":"532294.848","q":"22173585973.55","O":1701665040000,"C":1701751452958,"F":4343265950,"L":4347784198,"n":4518005}
INFO - 603 - 2023-12-05_10-14-13_ - {"e":"24hrTicker","E":1701751452959,"s":"BTCUSDT","p":"902.50","P":"2.207","w":"41656.59","c":"41789.50","Q":"0.120","o":"40887.00","h":"42440.00","l":"40832.00","v":"532294.848","q":"22173585973.55","O":1701665040000,"C":1701751452958,"F":4343265950,"L":4347784198,"n":4518005}
INFO - 133 - 2023-12-05_10-14-15_ - {"e":"24hrTicker","E":1701751454740,"s":"ETHUSDT","p":"3.14","P":"0.141","w":"2238.13","c":"2228.99","Q":"0.572","o":"2225.85","h":"2276.84","l":"2200.90","v":"3504232.021","q":"7842932849.44","O":1701665040000,"C":1701751454739,"F":3405901792,"L":3408874151,"n":2972220}
INFO - 133 - 2023-12-05_10-14-15_ - {"e":"24hrTicker","E":1701751454740,"s":"ETHUSDT","p":"3.14","P":"0.141","w":"2238.13","c":"2228.99","Q":"0.572","o":"2225.85","h":"2276.84","l":"2200.90","v":"3504232.021","q":"7842932849.44","O":1701665040000,"C":1701751454739,"F":3405901792,"L":3408874151,"n":2972220}
INFO - 135 - 2023-12-05_10-14-15_ - {"e":"24hrTicker","E":1701751454740,"s":"ETHUSDT","p":"3.14","P":"0.141","w":"2238.13","c":"2228.99","Q":"0.572","o":"2225.85","h":"2276.84","l":"2200.90","v":"3504232.021","q":"7842932849.44","O":1701665040000,"C":1701751454739,"F":3405901792,"L":3408874151,"n":2972220}
INFO - 614 - 2023-12-05_10-14-15_ - {"e":"24hrTicker","E":1701751455015,"s":"BTCUSDT","p":"902.60","P":"2.208","w":"41656.59","c":"41789.60","Q":"0.093","o":"40887.00","h":"42440.00","l":"40832.00","v":"532295.292","q":"22173604528.13","O":1701665040000,"C":1701751455014,"F":4343265950,"L":4347784210,"n":4518017}
INFO - 614 - 2023-12-05_10-14-15_ - {"e":"24hrTicker","E":1701751455015,"s":"BTCUSDT","p":"902.60","P":"2.208","w":"41656.59","c":"41789.60","Q":"0.093","o":"40887.00","h":"42440.00","l":"40832.00","v":"532295.292","q":"22173604528.13","O":1701665040000,"C":1701751455014,"F":4343265950,"L":4347784210,"n":4518017}
INFO - 614 - 2023-12-05_10-14-15_ - {"e":"24hrTicker","E":1701751455015,"s":"BTCUSDT","p":"902.60","P":"2.208","w":"41656.59","c":"41789.60","Q":"0.093","o":"40887.00","h":"42440.00","l":"40832.00","v":"532295.292","q":"22173604528.13","O":1701665040000,"C":1701751455014,"F":4343265950,"L":4347784210,"n":4518017}
INFO - 170 - 2023-12-05_10-14-17_ - {"e":"24hrTicker","E":1701751456697,"s":"ETHUSDT","p":"3.14","P":"0.141","w":"2238.13","c":"2228.99","Q":"0.010","o":"2225.85","h":"2276.84","l":"2200.90","v":"3504232.101","q":"7842933027.76","O":1701665040000,"C":1701751456696,"F":3405901792,"L":3408874153,"n":2972222}
INFO - 170 - 2023-12-05_10-14-17_ - {"e":"24hrTicker","E":1701751456697,"s":"ETHUSDT","p":"3.14","P":"0.141","w":"2238.13","c":"2228.99","Q":"0.010","o":"2225.85","h":"2276.84","l":"2200.90","v":"3504232.101","q":"7842933027.76","O":1701665040000,"C":1701751456696,"F":3405901792,"L":3408874153,"n":2972222}
INFO - 172 - 2023-12-05_10-14-17_ - {"e":"24hrTicker","E":1701751456697,"s":"ETHUSDT","p":"3.14","P":"0.141","w":"2238.13","c":"2228.99","Q":"0.010","o":"2225.85","h":"2276.84","l":"2200.90","v":"3504232.101","q":"7842933027.76","O":1701665040000,"C":1701751456696,"F":3405901792,"L":3408874153,"n":2972222}
INFO - 615 - 2023-12-05_10-14-17_ - {"e":"24hrTicker","E":1701751457028,"s":"BTCUSDT","p":"902.50","P":"2.207","w":"41656.59","c":"41789.50","Q":"0.003","o":"40887.00","h":"42440.00","l":"40832.00","v":"532295.942","q":"22173631691.31","O":1701665040000,"C":1701751457026,"F":4343265950,"L":4347784212,"n":4518019}
INFO - 615 - 2023-12-05_10-14-17_ - {"e":"24hrTicker","E":1701751457028,"s":"BTCUSDT","p":"902.50","P":"2.207","w":"41656.59","c":"41789.50","Q":"0.003","o":"40887.00","h":"42440.00","l":"40832.00","v":"532295.942","q":"22173631691.31","O":1701665040000,"C":1701751457026,"F":4343265950,"L":4347784212,"n":4518019}
INFO - 615 - 2023-12-05_10-14-17_ - {"e":"24hrTicker","E":1701751457028,"s":"BTCUSDT","p":"902.50","P":"2.207","w":"41656.59","c":"41789.50","Q":"0.003","o":"40887.00","h":"42440.00","l":"40832.00","v":"532295.942","q":"22173631691.31","O":1701665040000,"C":1701751457026,"F":4343265950,"L":4347784212,"n":4518019}
INFO - 393 - 2023-12-05_10-14-19_ - {"e":"24hrTicker","E":1701751458758,"s":"ETHUSDT","p":"2.98","P":"0.134","w":"2238.13","c":"2228.83","Q":"0.010","o":"2225.85","h":"2276.84","l":"2200.90","v":"3504248.435","q":"7842969436.08","O":1701665040000,"C":1701751458756,"F":3405901792,"L":3408874213,"n":2972282}
INFO - 393 - 2023-12-05_10-14-19_ - {"e":"24hrTicker","E":1701751458758,"s":"ETHUSDT","p":"2.98","P":"0.134","w":"2238.13","c":"2228.83","Q":"0.010","o":"2225.85","h":"2276.84","l":"2200.90","v":"3504248.435","q":"7842969436.08","O":1701665040000,"C":1701751458756,"F":3405901792,"L":3408874213,"n":2972282}
INFO - 393 - 2023-12-05_10-14-19_ - {"e":"24hrTicker","E":1701751458758,"s":"ETHUSDT","p":"2.98","P":"0.134","w":"2238.13","c":"2228.83","Q":"0.010","o":"2225.85","h":"2276.84","l":"2200.90","v":"3504248.435","q":"7842969436.08","O":1701665040000,"C":1701751458756,"F":3405901792,"L":3408874213,"n":2972282}
INFO - 615 - 2023-12-05_10-14-19_ - {"e":"24hrTicker","E":1701751459284,"s":"BTCUSDT","p":"897.70","P":"2.196","w":"41656.59","c":"41784.70","Q":"0.003","o":"40887.00","h":"42440.00","l":"40832.00","v":"532298.602","q":"22173742846.07","O":1701665040000,"C":1701751459283,"F":4343265950,"L":4347784402,"n":4518209}
INFO - 615 - 2023-12-05_10-14-19_ - {"e":"24hrTicker","E":1701751459284,"s":"BTCUSDT","p":"897.70","P":"2.196","w":"41656.59","c":"41784.70","Q":"0.003","o":"40887.00","h":"42440.00","l":"40832.00","v":"532298.602","q":"22173742846.07","O":1701665040000,"C":1701751459283,"F":4343265950,"L":4347784402,"n":4518209}
INFO - 615 - 2023-12-05_10-14-19_ - {"e":"24hrTicker","E":1701751459284,"s":"BTCUSDT","p":"897.70","P":"2.196","w":"41656.59","c":"41784.70","Q":"0.003","o":"40887.00","h":"42440.00","l":"40832.00","v":"532298.602","q":"22173742846.07","O":1701665040000,"C":1701751459283,"F":4343265950,"L":4347784402,"n":4518209}
INFO - 317 - 2023-12-05_10-14-21_ - {"e":"24hrTicker","E":1701751459650,"s":"ETHUSDT","p":"3.06","P":"0.137","w":"2238.13","c":"2228.91","Q":"0.121","o":"2225.85","h":"2276.84","l":"2200.90","v":"3504288.840","q":"7843059492.84","O":1701665040000,"C":1701751459649,"F":3405901792,"L":3408874242,"n":2972311}
INFO - 317 - 2023-12-05_10-14-21_ - {"e":"24hrTicker","E":1701751459650,"s":"ETHUSDT","p":"3.06","P":"0.137","w":"2238.13","c":"2228.91","Q":"0.121","o":"2225.85","h":"2276.84","l":"2200.90","v":"3504288.840","q":"7843059492.84","O":1701665040000,"C":1701751459649,"F":3405901792,"L":3408874242,"n":2972311}
INFO - 318 - 2023-12-05_10-14-21_ - {"e":"24hrTicker","E":1701751459650,"s":"ETHUSDT","p":"3.06","P":"0.137","w":"2238.13","c":"2228.91","Q":"0.121","o":"2225.85","h":"2276.84","l":"2200.90","v":"3504288.840","q":"7843059492.84","O":1701665040000,"C":1701751459649,"F":3405901792,"L":3408874242,"n":2972311}
INFO - 632 - 2023-12-05_10-14-21_ - {"e":"24hrTicker","E":1701751460948,"s":"BTCUSDT","p":"897.60","P":"2.195","w":"41656.59","c":"41784.60","Q":"0.074","o":"40887.00","h":"42440.00","l":"40832.00","v":"532299.242","q":"22173769588.22","O":1701665040000,"C":1701751460947,"F":4343265950,"L":4347784421,"n":4518228}
INFO - 632 - 2023-12-05_10-14-21_ - {"e":"24hrTicker","E":1701751460948,"s":"BTCUSDT","p":"897.60","P":"2.195","w":"41656.59","c":"41784.60","Q":"0.074","o":"40887.00","h":"42440.00","l":"40832.00","v":"532299.242","q":"22173769588.22","O":1701665040000,"C":1701751460947,"F":4343265950,"L":4347784421,"n":4518228}
INFO - 632 - 2023-12-05_10-14-21_ - {"e":"24hrTicker","E":1701751460948,"s":"BTCUSDT","p":"897.60","P":"2.195","w":"41656.59","c":"41784.60","Q":"0.074","o":"40887.00","h":"42440.00","l":"40832.00","v":"532299.242","q":"22173769588.22","O":1701665040000,"C":1701751460947,"F":4343265950,"L":4347784421,"n":4518228}
INFO - 180 - 2023-12-05_10-14-23_ - {"e":"24hrTicker","E":1701751461299,"s":"ETHUSDT","p":"3.05","P":"0.137","w":"2238.13","c":"2228.90","Q":"1.000","o":"2225.85","h":"2276.84","l":"2200.90","v":"3504289.840","q":"7843061721.74","O":1701665040000,"C":1701751461299,"F":3405901792,"L":3408874243,"n":2972312}
INFO - 180 - 2023-12-05_10-14-23_ - {"e":"24hrTicker","E":1701751461299,"s":"ETHUSDT","p":"3.05","P":"0.137","w":"2238.13","c":"2228.90","Q":"1.000","o":"2225.85","h":"2276.84","l":"2200.90","v":"3504289.840","q":"7843061721.74","O":1701665040000,"C":1701751461299,"F":3405901792,"L":3408874243,"n":2972312}
INFO - 180 - 2023-12-05_10-14-23_ - {"e":"24hrTicker","E":1701751461299,"s":"ETHUSDT","p":"3.05","P":"0.137","w":"2238.13","c":"2228.90","Q":"1.000","o":"2225.85","h":"2276.84","l":"2200.90","v":"3504289.840","q":"7843061721.74","O":1701665040000,"C":1701751461299,"F":3405901792,"L":3408874243,"n":2972312}
INFO - 619 - 2023-12-05_10-14-23_ - {"e":"24hrTicker","E":1701751463067,"s":"BTCUSDT","p":"897.60","P":"2.195","w":"41656.59","c":"41784.60","Q":"0.014","o":"40887.00","h":"42440.00","l":"40832.00","v":"532299.385","q":"22173775563.42","O":1701665040000,"C":1701751463066,"F":4343265950,"L":4347784436,"n":4518243}
INFO - 619 - 2023-12-05_10-14-23_ - {"e":"24hrTicker","E":1701751463067,"s":"BTCUSDT","p":"897.60","P":"2.195","w":"41656.59","c":"41784.60","Q":"0.014","o":"40887.00","h":"42440.00","l":"40832.00","v":"532299.385","q":"22173775563.42","O":1701665040000,"C":1701751463066,"F":4343265950,"L":4347784436,"n":4518243}
INFO - 619 - 2023-12-05_10-14-23_ - {"e":"24hrTicker","E":1701751463067,"s":"BTCUSDT","p":"897.60","P":"2.195","w":"41656.59","c":"41784.60","Q":"0.014","o":"40887.00","h":"42440.00","l":"40832.00","v":"532299.385","q":"22173775563.42","O":1701665040000,"C":1701751463066,"F":4343265950,"L":4347784436,"n":4518243}
INFO - 203 - 2023-12-05_10-14-25_ - {"e":"24hrTicker","E":1701751464507,"s":"ETHUSDT","p":"3.05","P":"0.137","w":"2238.13","c":"2228.90","Q":"0.035","o":"2225.85","h":"2276.84","l":"2200.90","v":"3504289.996","q":"7843062069.45","O":1701665040000,"C":1701751464506,"F":3405901792,"L":3408874245,"n":2972314}
INFO - 203 - 2023-12-05_10-14-25_ - {"e":"24hrTicker","E":1701751464507,"s":"ETHUSDT","p":"3.05","P":"0.137","w":"2238.13","c":"2228.90","Q":"0.035","o":"2225.85","h":"2276.84","l":"2200.90","v":"3504289.996","q":"7843062069.45","O":1701665040000,"C":1701751464506,"F":3405901792,"L":3408874245,"n":2972314}
INFO - 203 - 2023-12-05_10-14-25_ - {"e":"24hrTicker","E":1701751464507,"s":"ETHUSDT","p":"3.05","P":"0.137","w":"2238.13","c":"2228.90","Q":"0.035","o":"2225.85","h":"2276.84","l":"2200.90","v":"3504289.996","q":"7843062069.45","O":1701665040000,"C":1701751464506,"F":3405901792,"L":3408874245,"n":2972314}
INFO - 782 - 2023-12-05_10-14-25_ - {"e":"24hrTicker","E":1701751465121,"s":"BTCUSDT","p":"897.60","P":"2.195","w":"41656.59","c":"41784.60","Q":"0.004","o":"40887.00","h":"42440.00","l":"40832.00","v":"532299.417","q":"22173776900.53","O":1701665040000,"C":1701751465119,"F":4343265950,"L":4347784442,"n":4518249}
INFO - 782 - 2023-12-05_10-14-25_ - {"e":"24hrTicker","E":1701751465121,"s":"BTCUSDT","p":"897.60","P":"2.195","w":"41656.59","c":"41784.60","Q":"0.004","o":"40887.00","h":"42440.00","l":"40832.00","v":"532299.417","q":"22173776900.53","O":1701665040000,"C":1701751465119,"F":4343265950,"L":4347784442,"n":4518249}
INFO - 798 - 2023-12-05_10-14-25_ - {"e":"24hrTicker","E":1701751465121,"s":"BTCUSDT","p":"897.60","P":"2.195","w":"41656.59","c":"41784.60","Q":"0.004","o":"40887.00","h":"42440.00","l":"40832.00","v":"532299.417","q":"22173776900.53","O":1701665040000,"C":1701751465119,"F":4343265950,"L":4347784442,"n":4518249}
INFO - 225 - 2023-12-05_10-14-27_ - {"e":"24hrTicker","E":1701751466937,"s":"ETHUSDT","p":"3.05","P":"0.137","w":"2238.13","c":"2228.90","Q":"0.010","o":"2225.85","h":"2276.84","l":"2200.90","v":"3504290.217","q":"7843062562.03","O":1701665040000,"C":1701751466936,"F":3405901792,"L":3408874254,"n":2972323}
INFO - 225 - 2023-12-05_10-14-27_ - {"e":"24hrTicker","E":1701751466937,"s":"ETHUSDT","p":"3.05","P":"0.137","w":"2238.13","c":"2228.90","Q":"0.010","o":"2225.85","h":"2276.84","l":"2200.90","v":"3504290.217","q":"7843062562.03","O":1701665040000,"C":1701751466936,"F":3405901792,"L":3408874254,"n":2972323}
INFO - 228 - 2023-12-05_10-14-27_ - {"e":"24hrTicker","E":1701751466937,"s":"ETHUSDT","p":"3.05","P":"0.137","w":"2238.13","c":"2228.90","Q":"0.010","o":"2225.85","h":"2276.84","l":"2200.90","v":"3504290.217","q":"7843062562.03","O":1701665040000,"C":1701751466936,"F":3405901792,"L":3408874254,"n":2972323}
INFO - 710 - 2023-12-05_10-14-27_ - {"e":"24hrTicker","E":1701751467077,"s":"BTCUSDT","p":"897.70","P":"2.196","w":"41656.59","c":"41784.70","Q":"0.019","o":"40887.00","h":"42440.00","l":"40832.00","v":"532300.443","q":"22173819771.53","O":1701665040000,"C":1701751467076,"F":4343265950,"L":4347784448,"n":4518255}
INFO - 710 - 2023-12-05_10-14-27_ - {"e":"24hrTicker","E":1701751467077,"s":"BTCUSDT","p":"897.70","P":"2.196","w":"41656.59","c":"41784.70","Q":"0.019","o":"40887.00","h":"42440.00","l":"40832.00","v":"532300.443","q":"22173819771.53","O":1701665040000,"C":1701751467076,"F":4343265950,"L":4347784448,"n":4518255}
INFO - 710 - 2023-12-05_10-14-27_ - {"e":"24hrTicker","E":1701751467077,"s":"BTCUSDT","p":"897.70","P":"2.196","w":"41656.59","c":"41784.70","Q":"0.019","o":"40887.00","h":"42440.00","l":"40832.00","v":"532300.443","q":"22173819771.53","O":1701665040000,"C":1701751467076,"F":4343265950,"L":4347784448,"n":4518255}
INFO - 304 - 2023-12-05_10-14-29_ - {"e":"24hrTicker","E":1701751468533,"s":"ETHUSDT","p":"3.05","P":"0.137","w":"2238.13","c":"2228.90","Q":"0.035","o":"2225.85","h":"2276.84","l":"2200.90","v":"3504290.650","q":"7843063527.15","O":1701665040000,"C":1701751468531,"F":3405901792,"L":3408874261,"n":2972330}
INFO - 304 - 2023-12-05_10-14-29_ - {"e":"24hrTicker","E":1701751468533,"s":"ETHUSDT","p":"3.05","P":"0.137","w":"2238.13","c":"2228.90","Q":"0.035","o":"2225.85","h":"2276.84","l":"2200.90","v":"3504290.650","q":"7843063527.15","O":1701665040000,"C":1701751468531,"F":3405901792,"L":3408874261,"n":2972330}
INFO - 320 - 2023-12-05_10-14-29_ - {"e":"24hrTicker","E":1701751468533,"s":"ETHUSDT","p":"3.05","P":"0.137","w":"2238.13","c":"2228.90","Q":"0.035","o":"2225.85","h":"2276.84","l":"2200.90","v":"3504290.650","q":"7843063527.15","O":1701665040000,"C":1701751468531,"F":3405901792,"L":3408874261,"n":2972330}
INFO - 619 - 2023-12-05_10-14-29_ - {"e":"24hrTicker","E":1701751469296,"s":"BTCUSDT","p":"897.60","P":"2.195","w":"41656.59","c":"41784.60","Q":"0.003","o":"40887.00","h":"42440.00","l":"40832.00","v":"532300.460","q":"22173820481.87","O":1701665040000,"C":1701751469295,"F":4343265950,"L":4347784450,"n":4518257}
INFO - 619 - 2023-12-05_10-14-29_ - {"e":"24hrTicker","E":1701751469296,"s":"BTCUSDT","p":"897.60","P":"2.195","w":"41656.59","c":"41784.60","Q":"0.003","o":"40887.00","h":"42440.00","l":"40832.00","v":"532300.460","q":"22173820481.87","O":1701665040000,"C":1701751469295,"F":4343265950,"L":4347784450,"n":4518257}
INFO - 634 - 2023-12-05_10-14-29_ - {"e":"24hrTicker","E":1701751469296,"s":"BTCUSDT","p":"897.60","P":"2.195","w":"41656.59","c":"41784.60","Q":"0.003","o":"40887.00","h":"42440.00","l":"40832.00","v":"532300.460","q":"22173820481.87","O":1701665040000,"C":1701751469295,"F":4343265950,"L":4347784450,"n":4518257}
INFO - 237 - 2023-12-05_10-14-31_ - {"e":"24hrTicker","E":1701751469789,"s":"ETHUSDT","p":"3.05","P":"0.137","w":"2238.13","c":"2228.90","Q":"2.395","o":"2225.85","h":"2276.84","l":"2200.90","v":"3504298.093","q":"7843080116.85","O":1701665040000,"C":1701751469788,"F":3405901792,"L":3408874264,"n":2972333}
INFO - 237 - 2023-12-05_10-14-31_ - {"e":"24hrTicker","E":1701751469789,"s":"ETHUSDT","p":"3.05","P":"0.137","w":"2238.13","c":"2228.90","Q":"2.395","o":"2225.85","h":"2276.84","l":"2200.90","v":"3504298.093","q":"7843080116.85","O":1701665040000,"C":1701751469788,"F":3405901792,"L":3408874264,"n":2972333}
INFO - 237 - 2023-12-05_10-14-31_ - {"e":"24hrTicker","E":1701751469789,"s":"ETHUSDT","p":"3.05","P":"0.137","w":"2238.13","c":"2228.90","Q":"2.395","o":"2225.85","h":"2276.84","l":"2200.90","v":"3504298.093","q":"7843080116.85","O":1701665040000,"C":1701751469788,"F":3405901792,"L":3408874264,"n":2972333}
INFO - 630 - 2023-12-05_10-14-31_ - {"e":"24hrTicker","E":1701751471235,"s":"BTCUSDT","p":"897.70","P":"2.196","w":"41656.59","c":"41784.70","Q":"0.141","o":"40887.00","h":"42440.00","l":"40832.00","v":"532300.768","q":"22173833351.55","O":1701665040000,"C":1701751471234,"F":4343265950,"L":4347784462,"n":4518269}
INFO - 630 - 2023-12-05_10-14-31_ - {"e":"24hrTicker","E":1701751471235,"s":"BTCUSDT","p":"897.70","P":"2.196","w":"41656.59","c":"41784.70","Q":"0.141","o":"40887.00","h":"42440.00","l":"40832.00","v":"532300.768","q":"22173833351.55","O":1701665040000,"C":1701751471234,"F":4343265950,"L":4347784462,"n":4518269}
INFO - 630 - 2023-12-05_10-14-31_ - {"e":"24hrTicker","E":1701751471235,"s":"BTCUSDT","p":"897.70","P":"2.196","w":"41656.59","c":"41784.70","Q":"0.141","o":"40887.00","h":"42440.00","l":"40832.00","v":"532300.768","q":"22173833351.55","O":1701665040000,"C":1701751471234,"F":4343265950,"L":4347784462,"n":4518269}
INFO - 465 - 2023-12-05_10-14-33_ - {"e":"24hrTicker","E":1701751472342,"s":"ETHUSDT","p":"3.06","P":"0.137","w":"2238.13","c":"2228.91","Q":"0.012","o":"2225.85","h":"2276.84","l":"2200.90","v":"3504304.124","q":"7843093559.35","O":1701665040000,"C":1701751472341,"F":3405901792,"L":3408874267,"n":2972336}
INFO - 465 - 2023-12-05_10-14-33_ - {"e":"24hrTicker","E":1701751472342,"s":"ETHUSDT","p":"3.06","P":"0.137","w":"2238.13","c":"2228.91","Q":"0.012","o":"2225.85","h":"2276.84","l":"2200.90","v":"3504304.124","q":"7843093559.35","O":1701665040000,"C":1701751472341,"F":3405901792,"L":3408874267,"n":2972336}
INFO - 465 - 2023-12-05_10-14-33_ - {"e":"24hrTicker","E":1701751472342,"s":"ETHUSDT","p":"3.06","P":"0.137","w":"2238.13","c":"2228.91","Q":"0.012","o":"2225.85","h":"2276.84","l":"2200.90","v":"3504304.124","q":"7843093559.35","O":1701665040000,"C":1701751472341,"F":3405901792,"L":3408874267,"n":2972336}
INFO - 623 - 2023-12-05_10-14-33_ - {"e":"24hrTicker","E":1701751473024,"s":"BTCUSDT","p":"897.70","P":"2.196","w":"41656.59","c":"41784.70","Q":"0.020","o":"40887.00","h":"42440.00","l":"40832.00","v":"532300.840","q":"22173836360.05","O":1701665040000,"C":1701751473022,"F":4343265950,"L":4347784466,"n":4518273}
INFO - 623 - 2023-12-05_10-14-33_ - {"e":"24hrTicker","E":1701751473024,"s":"BTCUSDT","p":"897.70","P":"2.196","w":"41656.59","c":"41784.70","Q":"0.020","o":"40887.00","h":"42440.00","l":"40832.00","v":"532300.840","q":"22173836360.05","O":1701665040000,"C":1701751473022,"F":4343265950,"L":4347784466,"n":4518273}
INFO - 623 - 2023-12-05_10-14-33_ - {"e":"24hrTicker","E":1701751473024,"s":"BTCUSDT","p":"897.70","P":"2.196","w":"41656.59","c":"41784.70","Q":"0.020","o":"40887.00","h":"42440.00","l":"40832.00","v":"532300.840","q":"22173836360.05","O":1701665040000,"C":1701751473022,"F":4343265950,"L":4347784466,"n":4518273}
INFO - 252 - 2023-12-05_10-14-35_ - {"e":"24hrTicker","E":1701751474572,"s":"ETHUSDT","p":"3.05","P":"0.137","w":"2238.13","c":"2228.90","Q":"0.016","o":"2225.85","h":"2276.84","l":"2200.90","v":"3504304.441","q":"7843094265.91","O":1701665040000,"C":1701751474571,"F":3405901792,"L":3408874270,"n":2972339}
INFO - 252 - 2023-12-05_10-14-35_ - {"e":"24hrTicker","E":1701751474572,"s":"ETHUSDT","p":"3.05","P":"0.137","w":"2238.13","c":"2228.90","Q":"0.016","o":"2225.85","h":"2276.84","l":"2200.90","v":"3504304.441","q":"7843094265.91","O":1701665040000,"C":1701751474571,"F":3405901792,"L":3408874270,"n":2972339}
INFO - 268 - 2023-12-05_10-14-35_ - {"e":"24hrTicker","E":1701751474572,"s":"ETHUSDT","p":"3.05","P":"0.137","w":"2238.13","c":"2228.90","Q":"0.016","o":"2225.85","h":"2276.84","l":"2200.90","v":"3504304.441","q":"7843094265.91","O":1701665040000,"C":1701751474571,"F":3405901792,"L":3408874270,"n":2972339}
INFO - 718 - 2023-12-05_10-14-35_ - {"e":"24hrTicker","E":1701751475351,"s":"BTCUSDT","p":"897.60","P":"2.195","w":"41656.59","c":"41784.60","Q":"0.001","o":"40887.00","h":"42440.00","l":"40832.00","v":"532300.851","q":"22173836819.68","O":1701665040000,"C":1701751475349,"F":4343265950,"L":4347784469,"n":4518276}
INFO - 718 - 2023-12-05_10-14-35_ - {"e":"24hrTicker","E":1701751475351,"s":"BTCUSDT","p":"897.60","P":"2.195","w":"41656.59","c":"41784.60","Q":"0.001","o":"40887.00","h":"42440.00","l":"40832.00","v":"532300.851","q":"22173836819.68","O":1701665040000,"C":1701751475349,"F":4343265950,"L":4347784469,"n":4518276}
INFO - 723 - 2023-12-05_10-14-35_ - {"e":"24hrTicker","E":1701751475351,"s":"BTCUSDT","p":"897.60","P":"2.195","w":"41656.59","c":"41784.60","Q":"0.001","o":"40887.00","h":"42440.00","l":"40832.00","v":"532300.851","q":"22173836819.68","O":1701665040000,"C":1701751475349,"F":4343265950,"L":4347784469,"n":4518276}
INFO - 306 - 2023-12-05_10-14-37_ - {"e":"24hrTicker","E":1701751476771,"s":"ETHUSDT","p":"3.06","P":"0.137","w":"2238.13","c":"2228.91","Q":"0.298","o":"2225.85","h":"2276.84","l":"2200.90","v":"3504309.119","q":"7843104692.71","O":1701665040000,"C":1701751476770,"F":3405901792,"L":3408874277,"n":2972346}
INFO - 306 - 2023-12-05_10-14-37_ - {"e":"24hrTicker","E":1701751476771,"s":"ETHUSDT","p":"3.06","P":"0.137","w":"2238.13","c":"2228.91","Q":"0.298","o":"2225.85","h":"2276.84","l":"2200.90","v":"3504309.119","q":"7843104692.71","O":1701665040000,"C":1701751476770,"F":3405901792,"L":3408874277,"n":2972346}
INFO - 322 - 2023-12-05_10-14-37_ - {"e":"24hrTicker","E":1701751476771,"s":"ETHUSDT","p":"3.06","P":"0.137","w":"2238.13","c":"2228.91","Q":"0.298","o":"2225.85","h":"2276.84","l":"2200.90","v":"3504309.119","q":"7843104692.71","O":1701665040000,"C":1701751476770,"F":3405901792,"L":3408874277,"n":2972346}
INFO - 629 - 2023-12-05_10-14-37_ - {"e":"24hrTicker","E":1701751477006,"s":"BTCUSDT","p":"897.70","P":"2.196","w":"41656.59","c":"41784.70","Q":"0.018","o":"40887.00","h":"42440.00","l":"40832.00","v":"532301.015","q":"22173843672.36","O":1701665040000,"C":1701751477004,"F":4343265950,"L":4347784471,"n":4518278}
INFO - 629 - 2023-12-05_10-14-37_ - {"e":"24hrTicker","E":1701751477006,"s":"BTCUSDT","p":"897.70","P":"2.196","w":"41656.59","c":"41784.70","Q":"0.018","o":"40887.00","h":"42440.00","l":"40832.00","v":"532301.015","q":"22173843672.36","O":1701665040000,"C":1701751477004,"F":4343265950,"L":4347784471,"n":4518278}
INFO - 629 - 2023-12-05_10-14-37_ - {"e":"24hrTicker","E":1701751477006,"s":"BTCUSDT","p":"897.70","P":"2.196","w":"41656.59","c":"41784.70","Q":"0.018","o":"40887.00","h":"42440.00","l":"40832.00","v":"532301.015","q":"22173843672.36","O":1701665040000,"C":1701751477004,"F":4343265950,"L":4347784471,"n":4518278}
INFO - 549 - 2023-12-05_10-14-39_ - {"e":"24hrTicker","E":1701751479028,"s":"ETHUSDT","p":"3.06","P":"0.137","w":"2238.13","c":"2228.91","Q":"0.070","o":"2225.85","h":"2276.84","l":"2200.90","v":"3504314.695","q":"7843117121.11","O":1701665040000,"C":1701751479027,"F":3405901792,"L":3408874298,"n":2972367}
INFO - 549 - 2023-12-05_10-14-39_ - {"e":"24hrTicker","E":1701751479028,"s":"ETHUSDT","p":"3.06","P":"0.137","w":"2238.13","c":"2228.91","Q":"0.070","o":"2225.85","h":"2276.84","l":"2200.90","v":"3504314.695","q":"7843117121.11","O":1701665040000,"C":1701751479027,"F":3405901792,"L":3408874298,"n":2972367}
INFO - 549 - 2023-12-05_10-14-39_ - {"e":"24hrTicker","E":1701751479028,"s":"ETHUSDT","p":"3.06","P":"0.137","w":"2238.13","c":"2228.91","Q":"0.070","o":"2225.85","h":"2276.84","l":"2200.90","v":"3504314.695","q":"7843117121.11","O":1701665040000,"C":1701751479027,"F":3405901792,"L":3408874298,"n":2972367}
INFO - 639 - 2023-12-05_10-14-39_ - {"e":"24hrTicker","E":1701751478975,"s":"BTCUSDT","p":"897.70","P":"2.196","w":"41656.59","c":"41784.70","Q":"0.024","o":"40887.00","h":"42440.00","l":"40832.00","v":"532301.073","q":"22173846095.87","O":1701665040000,"C":1701751478974,"F":4343265950,"L":4347784476,"n":4518283}
INFO - 639 - 2023-12-05_10-14-39_ - {"e":"24hrTicker","E":1701751478975,"s":"BTCUSDT","p":"897.70","P":"2.196","w":"41656.59","c":"41784.70","Q":"0.024","o":"40887.00","h":"42440.00","l":"40832.00","v":"532301.073","q":"22173846095.87","O":1701665040000,"C":1701751478974,"F":4343265950,"L":4347784476,"n":4518283}
INFO - 639 - 2023-12-05_10-14-39_ - {"e":"24hrTicker","E":1701751478975,"s":"BTCUSDT","p":"897.70","P":"2.196","w":"41656.59","c":"41784.70","Q":"0.024","o":"40887.00","h":"42440.00","l":"40832.00","v":"532301.073","q":"22173846095.87","O":1701665040000,"C":1701751478974,"F":4343265950,"L":4347784476,"n":4518283}
INFO - 271 - 2023-12-05_10-14-41_ - {"e":"24hrTicker","E":1701751480604,"s":"ETHUSDT","p":"3.05","P":"0.137","w":"2238.13","c":"2228.90","Q":"0.035","o":"2225.85","h":"2276.84","l":"2200.90","v":"3504314.746","q":"7843117234.78","O":1701665040000,"C":1701751480603,"F":3405901792,"L":3408874300,"n":2972369}
INFO - 271 - 2023-12-05_10-14-41_ - {"e":"24hrTicker","E":1701751480604,"s":"ETHUSDT","p":"3.05","P":"0.137","w":"2238.13","c":"2228.90","Q":"0.035","o":"2225.85","h":"2276.84","l":"2200.90","v":"3504314.746","q":"7843117234.78","O":1701665040000,"C":1701751480603,"F":3405901792,"L":3408874300,"n":2972369}
INFO - 271 - 2023-12-05_10-14-41_ - {"e":"24hrTicker","E":1701751480604,"s":"ETHUSDT","p":"3.05","P":"0.137","w":"2238.13","c":"2228.90","Q":"0.035","o":"2225.85","h":"2276.84","l":"2200.90","v":"3504314.746","q":"7843117234.78","O":1701665040000,"C":1701751480603,"F":3405901792,"L":3408874300,"n":2972369}
INFO - 647 - 2023-12-05_10-14-41_ - {"e":"24hrTicker","E":1701751481364,"s":"BTCUSDT","p":"897.60","P":"2.195","w":"41656.59","c":"41784.60","Q":"0.677","o":"40887.00","h":"42440.00","l":"40832.00","v":"532301.892","q":"22173880317.47","O":1701665040000,"C":1701751481362,"F":4343265950,"L":4347784491,"n":4518298}
INFO - 647 - 2023-12-05_10-14-41_ - {"e":"24hrTicker","E":1701751481364,"s":"BTCUSDT","p":"897.60","P":"2.195","w":"41656.59","c":"41784.60","Q":"0.677","o":"40887.00","h":"42440.00","l":"40832.00","v":"532301.892","q":"22173880317.47","O":1701665040000,"C":1701751481362,"F":4343265950,"L":4347784491,"n":4518298}
INFO - 647 - 2023-12-05_10-14-41_ - {"e":"24hrTicker","E":1701751481364,"s":"BTCUSDT","p":"897.60","P":"2.195","w":"41656.59","c":"41784.60","Q":"0.677","o":"40887.00","h":"42440.00","l":"40832.00","v":"532301.892","q":"22173880317.47","O":1701665040000,"C":1701751481362,"F":4343265950,"L":4347784491,"n":4518298}
INFO - 391 - 2023-12-05_10-14-43_ - {"e":"24hrTicker","E":1701751482477,"s":"ETHUSDT","p":"2.98","P":"0.134","w":"2238.13","c":"2228.83","Q":"0.014","o":"2225.85","h":"2276.84","l":"2200.90","v":"3504333.138","q":"7843158228.29","O":1701665040000,"C":1701751482476,"F":3405901792,"L":3408874324,"n":2972393}
INFO - 391 - 2023-12-05_10-14-43_ - {"e":"24hrTicker","E":1701751482477,"s":"ETHUSDT","p":"2.98","P":"0.134","w":"2238.13","c":"2228.83","Q":"0.014","o":"2225.85","h":"2276.84","l":"2200.90","v":"3504333.138","q":"7843158228.29","O":1701665040000,"C":1701751482476,"F":3405901792,"L":3408874324,"n":2972393}
INFO - 391 - 2023-12-05_10-14-43_ - {"e":"24hrTicker","E":1701751482477,"s":"ETHUSDT","p":"2.98","P":"0.134","w":"2238.13","c":"2228.83","Q":"0.014","o":"2225.85","h":"2276.84","l":"2200.90","v":"3504333.138","q":"7843158228.29","O":1701665040000,"C":1701751482476,"F":3405901792,"L":3408874324,"n":2972393}
INFO - 649 - 2023-12-05_10-14-43_ - {"e":"24hrTicker","E":1701751483095,"s":"BTCUSDT","p":"897.70","P":"2.196","w":"41656.59","c":"41784.70","Q":"0.100","o":"40887.00","h":"42440.00","l":"40832.00","v":"532302.026","q":"22173885916.62","O":1701665040000,"C":1701751483093,"F":4343265950,"L":4347784493,"n":4518300}
INFO - 649 - 2023-12-05_10-14-43_ - {"e":"24hrTicker","E":1701751483095,"s":"BTCUSDT","p":"897.70","P":"2.196","w":"41656.59","c":"41784.70","Q":"0.100","o":"40887.00","h":"42440.00","l":"40832.00","v":"532302.026","q":"22173885916.62","O":1701665040000,"C":1701751483093,"F":4343265950,"L":4347784493,"n":4518300}
INFO - 650 - 2023-12-05_10-14-43_ - {"e":"24hrTicker","E":1701751483095,"s":"BTCUSDT","p":"897.70","P":"2.196","w":"41656.59","c":"41784.70","Q":"0.100","o":"40887.00","h":"42440.00","l":"40832.00","v":"532302.026","q":"22173885916.62","O":1701665040000,"C":1701751483093,"F":4343265950,"L":4347784493,"n":4518300}
INFO - 303 - 2023-12-05_10-14-45_ - {"e":"24hrTicker","E":1701751484492,"s":"ETHUSDT","p":"2.98","P":"0.134","w":"2238.13","c":"2228.83","Q":"0.037","o":"2225.85","h":"2276.84","l":"2200.90","v":"3504333.282","q":"7843158549.24","O":1701665040000,"C":1701751484490,"F":3405901792,"L":3408874328,"n":2972397}
INFO - 303 - 2023-12-05_10-14-45_ - {"e":"24hrTicker","E":1701751484492,"s":"ETHUSDT","p":"2.98","P":"0.134","w":"2238.13","c":"2228.83","Q":"0.037","o":"2225.85","h":"2276.84","l":"2200.90","v":"3504333.282","q":"7843158549.24","O":1701665040000,"C":1701751484490,"F":3405901792,"L":3408874328,"n":2972397}
INFO - 305 - 2023-12-05_10-14-45_ - {"e":"24hrTicker","E":1701751484492,"s":"ETHUSDT","p":"2.98","P":"0.134","w":"2238.13","c":"2228.83","Q":"0.037","o":"2225.85","h":"2276.84","l":"2200.90","v":"3504333.282","q":"7843158549.24","O":1701665040000,"C":1701751484490,"F":3405901792,"L":3408874328,"n":2972397}
INFO - 957 - 2023-12-05_10-14-45_ - {"e":"24hrTicker","E":1701751484874,"s":"BTCUSDT","p":"897.60","P":"2.195","w":"41656.59","c":"41784.60","Q":"0.103","o":"40887.00","h":"42440.00","l":"40832.00","v":"532302.357","q":"22173899747.32","O":1701665040000,"C":1701751484872,"F":4343265950,"L":4347784500,"n":4518307}
INFO - 957 - 2023-12-05_10-14-45_ - {"e":"24hrTicker","E":1701751484874,"s":"BTCUSDT","p":"897.60","P":"2.195","w":"41656.59","c":"41784.60","Q":"0.103","o":"40887.00","h":"42440.00","l":"40832.00","v":"532302.357","q":"22173899747.32","O":1701665040000,"C":1701751484872,"F":4343265950,"L":4347784500,"n":4518307}
INFO - 959 - 2023-12-05_10-14-45_ - {"e":"24hrTicker","E":1701751484874,"s":"BTCUSDT","p":"897.60","P":"2.195","w":"41656.59","c":"41784.60","Q":"0.103","o":"40887.00","h":"42440.00","l":"40832.00","v":"532302.357","q":"22173899747.32","O":1701665040000,"C":1701751484872,"F":4343265950,"L":4347784500,"n":4518307}
INFO - 557 - 2023-12-05_10-14-47_ - {"e":"24hrTicker","E":1701751486626,"s":"ETHUSDT","p":"2.98","P":"0.134","w":"2238.13","c":"2228.83","Q":"0.013","o":"2225.85","h":"2276.84","l":"2200.90","v":"3504333.613","q":"7843159286.98","O":1701665040000,"C":1701751486624,"F":3405901792,"L":3408874335,"n":2972404}
INFO - 557 - 2023-12-05_10-14-47_ - {"e":"24hrTicker","E":1701751486626,"s":"ETHUSDT","p":"2.98","P":"0.134","w":"2238.13","c":"2228.83","Q":"0.013","o":"2225.85","h":"2276.84","l":"2200.90","v":"3504333.613","q":"7843159286.98","O":1701665040000,"C":1701751486624,"F":3405901792,"L":3408874335,"n":2972404}
INFO - 560 - 2023-12-05_10-14-47_ - {"e":"24hrTicker","E":1701751486626,"s":"ETHUSDT","p":"2.98","P":"0.134","w":"2238.13","c":"2228.83","Q":"0.013","o":"2225.85","h":"2276.84","l":"2200.90","v":"3504333.613","q":"7843159286.98","O":1701665040000,"C":1701751486624,"F":3405901792,"L":3408874335,"n":2972404}
INFO - 665 - 2023-12-05_10-14-47_ - {"e":"24hrTicker","E":1701751487022,"s":"BTCUSDT","p":"897.70","P":"2.196","w":"41656.59","c":"41784.70","Q":"0.011","o":"40887.00","h":"42440.00","l":"40832.00","v":"532303.733","q":"22173957242.98","O":1701665040000,"C":1701751487020,"F":4343265950,"L":4347784547,"n":4518354}
INFO - 665 - 2023-12-05_10-14-47_ - {"e":"24hrTicker","E":1701751487022,"s":"BTCUSDT","p":"897.70","P":"2.196","w":"41656.59","c":"41784.70","Q":"0.011","o":"40887.00","h":"42440.00","l":"40832.00","v":"532303.733","q":"22173957242.98","O":1701665040000,"C":1701751487020,"F":4343265950,"L":4347784547,"n":4518354}
INFO - 665 - 2023-12-05_10-14-47_ - {"e":"24hrTicker","E":1701751487022,"s":"BTCUSDT","p":"897.70","P":"2.196","w":"41656.59","c":"41784.70","Q":"0.011","o":"40887.00","h":"42440.00","l":"40832.00","v":"532303.733","q":"22173957242.98","O":1701665040000,"C":1701751487020,"F":4343265950,"L":4347784547,"n":4518354}
INFO - 307 - 2023-12-05_10-14-49_ - {"e":"24hrTicker","E":1701751488512,"s":"ETHUSDT","p":"2.98","P":"0.134","w":"2238.13","c":"2228.83","Q":"0.035","o":"2225.85","h":"2276.84","l":"2200.90","v":"3504333.689","q":"7843159456.37","O":1701665040000,"C":1701751488511,"F":3405901792,"L":3408874337,"n":2972406}
INFO - 307 - 2023-12-05_10-14-49_ - {"e":"24hrTicker","E":1701751488512,"s":"ETHUSDT","p":"2.98","P":"0.134","w":"2238.13","c":"2228.83","Q":"0.035","o":"2225.85","h":"2276.84","l":"2200.90","v":"3504333.689","q":"7843159456.37","O":1701665040000,"C":1701751488511,"F":3405901792,"L":3408874337,"n":2972406}
INFO - 319 - 2023-12-05_10-14-49_ - {"e":"24hrTicker","E":1701751488512,"s":"ETHUSDT","p":"2.98","P":"0.134","w":"2238.13","c":"2228.83","Q":"0.035","o":"2225.85","h":"2276.84","l":"2200.90","v":"3504333.689","q":"7843159456.37","O":1701665040000,"C":1701751488511,"F":3405901792,"L":3408874337,"n":2972406}
INFO - 673 - 2023-12-05_10-14-49_ - {"e":"24hrTicker","E":1701751487645,"s":"BTCUSDT","p":"897.60","P":"2.195","w":"41656.59","c":"41784.60","Q":"0.003","o":"40887.00","h":"42440.00","l":"40832.00","v":"532303.736","q":"22173957368.33","O":1701665040000,"C":1701751487644,"F":4343265950,"L":4347784548,"n":4518355}
INFO - 673 - 2023-12-05_10-14-49_ - {"e":"24hrTicker","E":1701751487645,"s":"BTCUSDT","p":"897.60","P":"2.195","w":"41656.59","c":"41784.60","Q":"0.003","o":"40887.00","h":"42440.00","l":"40832.00","v":"532303.736","q":"22173957368.33","O":1701665040000,"C":1701751487644,"F":4343265950,"L":4347784548,"n":4518355}
INFO - 674 - 2023-12-05_10-14-49_ - {"e":"24hrTicker","E":1701751487645,"s":"BTCUSDT","p":"897.60","P":"2.195","w":"41656.59","c":"41784.60","Q":"0.003","o":"40887.00","h":"42440.00","l":"40832.00","v":"532303.736","q":"22173957368.33","O":1701665040000,"C":1701751487644,"F":4343265950,"L":4347784548,"n":4518355}
INFO - 378 - 2023-12-05_10-14-51_ - {"e":"24hrTicker","E":1701751490522,"s":"ETHUSDT","p":"2.98","P":"0.134","w":"2238.13","c":"2228.83","Q":"0.014","o":"2225.85","h":"2276.84","l":"2200.90","v":"3504333.836","q":"7843159784.01","O":1701665040000,"C":1701751490521,"F":3405901792,"L":3408874342,"n":2972411}
INFO - 378 - 2023-12-05_10-14-51_ - {"e":"24hrTicker","E":1701751490522,"s":"ETHUSDT","p":"2.98","P":"0.134","w":"2238.13","c":"2228.83","Q":"0.014","o":"2225.85","h":"2276.84","l":"2200.90","v":"3504333.836","q":"7843159784.01","O":1701665040000,"C":1701751490521,"F":3405901792,"L":3408874342,"n":2972411}
INFO - 379 - 2023-12-05_10-14-51_ - {"e":"24hrTicker","E":1701751490522,"s":"ETHUSDT","p":"2.98","P":"0.134","w":"2238.13","c":"2228.83","Q":"0.014","o":"2225.85","h":"2276.84","l":"2200.90","v":"3504333.836","q":"7843159784.01","O":1701665040000,"C":1701751490521,"F":3405901792,"L":3408874342,"n":2972411}
INFO - 691 - 2023-12-05_10-14-51_ - {"e":"24hrTicker","E":1701751490321,"s":"BTCUSDT","p":"897.70","P":"2.196","w":"41656.59","c":"41784.70","Q":"0.071","o":"40887.00","h":"42440.00","l":"40832.00","v":"532304.236","q":"22173978260.68","O":1701665040000,"C":1701751490320,"F":4343265950,"L":4347784550,"n":4518357}
INFO - 691 - 2023-12-05_10-14-51_ - {"e":"24hrTicker","E":1701751490321,"s":"BTCUSDT","p":"897.70","P":"2.196","w":"41656.59","c":"41784.70","Q":"0.071","o":"40887.00","h":"42440.00","l":"40832.00","v":"532304.236","q":"22173978260.68","O":1701665040000,"C":1701751490320,"F":4343265950,"L":4347784550,"n":4518357}
INFO - 691 - 2023-12-05_10-14-51_ - {"e":"24hrTicker","E":1701751490321,"s":"BTCUSDT","p":"897.70","P":"2.196","w":"41656.59","c":"41784.70","Q":"0.071","o":"40887.00","h":"42440.00","l":"40832.00","v":"532304.236","q":"22173978260.68","O":1701665040000,"C":1701751490320,"F":4343265950,"L":4347784550,"n":4518357}
INFO - 386 - 2023-12-05_10-14-53_ - {"e":"24hrTicker","E":1701751492533,"s":"ETHUSDT","p":"2.98","P":"0.134","w":"2238.13","c":"2228.83","Q":"0.035","o":"2225.85","h":"2276.84","l":"2200.90","v":"3504333.912","q":"7843159953.40","O":1701665040000,"C":1701751492532,"F":3405901792,"L":3408874344,"n":2972413}
INFO - 386 - 2023-12-05_10-14-53_ - {"e":"24hrTicker","E":1701751492533,"s":"ETHUSDT","p":"2.98","P":"0.134","w":"2238.13","c":"2228.83","Q":"0.035","o":"2225.85","h":"2276.84","l":"2200.90","v":"3504333.912","q":"7843159953.40","O":1701665040000,"C":1701751492532,"F":3405901792,"L":3408874344,"n":2972413}
INFO - 386 - 2023-12-05_10-14-53_ - {"e":"24hrTicker","E":1701751492533,"s":"ETHUSDT","p":"2.98","P":"0.134","w":"2238.13","c":"2228.83","Q":"0.035","o":"2225.85","h":"2276.84","l":"2200.90","v":"3504333.912","q":"7843159953.40","O":1701665040000,"C":1701751492532,"F":3405901792,"L":3408874344,"n":2972413}
INFO - 685 - 2023-12-05_10-14-53_ - {"e":"24hrTicker","E":1701751493356,"s":"BTCUSDT","p":"897.70","P":"2.196","w":"41656.59","c":"41784.70","Q":"0.047","o":"40887.00","h":"42440.00","l":"40832.00","v":"532304.283","q":"22173980224.56","O":1701665040000,"C":1701751493355,"F":4343265950,"L":4347784551,"n":4518358}
INFO - 685 - 2023-12-05_10-14-53_ - {"e":"24hrTicker","E":1701751493356,"s":"BTCUSDT","p":"897.70","P":"2.196","w":"41656.59","c":"41784.70","Q":"0.047","o":"40887.00","h":"42440.00","l":"40832.00","v":"532304.283","q":"22173980224.56","O":1701665040000,"C":1701751493355,"F":4343265950,"L":4347784551,"n":4518358}
INFO - 685 - 2023-12-05_10-14-53_ - {"e":"24hrTicker","E":1701751493356,"s":"BTCUSDT","p":"897.70","P":"2.196","w":"41656.59","c":"41784.70","Q":"0.047","o":"40887.00","h":"42440.00","l":"40832.00","v":"532304.283","q":"22173980224.56","O":1701665040000,"C":1701751493355,"F":4343265950,"L":4347784551,"n":4518358}
INFO - 402 - 2023-12-05_10-14-55_ - {"e":"24hrTicker","E":1701751495070,"s":"ETHUSDT","p":"2.98","P":"0.134","w":"2238.13","c":"2228.83","Q":"0.002","o":"2225.85","h":"2276.84","l":"2200.90","v":"3504334.185","q":"7843160561.87","O":1701665040000,"C":1701751495069,"F":3405901792,"L":3408874351,"n":2972420}
INFO - 402 - 2023-12-05_10-14-55_ - {"e":"24hrTicker","E":1701751495070,"s":"ETHUSDT","p":"2.98","P":"0.134","w":"2238.13","c":"2228.83","Q":"0.002","o":"2225.85","h":"2276.84","l":"2200.90","v":"3504334.185","q":"7843160561.87","O":1701665040000,"C":1701751495069,"F":3405901792,"L":3408874351,"n":2972420}
INFO - 405 - 2023-12-05_10-14-55_ - {"e":"24hrTicker","E":1701751495070,"s":"ETHUSDT","p":"2.98","P":"0.134","w":"2238.13","c":"2228.83","Q":"0.002","o":"2225.85","h":"2276.84","l":"2200.90","v":"3504334.185","q":"7843160561.87","O":1701665040000,"C":1701751495069,"F":3405901792,"L":3408874351,"n":2972420}
INFO - 705 - 2023-12-05_10-14-55_ - {"e":"24hrTicker","E":1701751494678,"s":"BTCUSDT","p":"897.60","P":"2.195","w":"41656.59","c":"41784.60","Q":"0.001","o":"40887.00","h":"42440.00","l":"40832.00","v":"532304.287","q":"22173980391.70","O":1701665040000,"C":1701751494676,"F":4343265950,"L":4347784553,"n":4518360}
INFO - 705 - 2023-12-05_10-14-55_ - {"e":"24hrTicker","E":1701751494678,"s":"BTCUSDT","p":"897.60","P":"2.195","w":"41656.59","c":"41784.60","Q":"0.001","o":"40887.00","h":"42440.00","l":"40832.00","v":"532304.287","q":"22173980391.70","O":1701665040000,"C":1701751494676,"F":4343265950,"L":4347784553,"n":4518360}
INFO - 705 - 2023-12-05_10-14-55_ - {"e":"24hrTicker","E":1701751494678,"s":"BTCUSDT","p":"897.60","P":"2.195","w":"41656.59","c":"41784.60","Q":"0.001","o":"40887.00","h":"42440.00","l":"40832.00","v":"532304.287","q":"22173980391.70","O":1701665040000,"C":1701751494676,"F":4343265950,"L":4347784553,"n":4518360}
INFO - 468 - 2023-12-05_10-14-57_ - {"e":"24hrTicker","E":1701751496484,"s":"ETHUSDT","p":"2.98","P":"0.134","w":"2238.13","c":"2228.83","Q":"0.034","o":"2225.85","h":"2276.84","l":"2200.90","v":"3504334.257","q":"7843160722.35","O":1701665040000,"C":1701751496483,"F":3405901792,"L":3408874353,"n":2972422}
INFO - 468 - 2023-12-05_10-14-57_ - {"e":"24hrTicker","E":1701751496484,"s":"ETHUSDT","p":"2.98","P":"0.134","w":"2238.13","c":"2228.83","Q":"0.034","o":"2225.85","h":"2276.84","l":"2200.90","v":"3504334.257","q":"7843160722.35","O":1701665040000,"C":1701751496483,"F":3405901792,"L":3408874353,"n":2972422}
INFO - 468 - 2023-12-05_10-14-57_ - {"e":"24hrTicker","E":1701751496484,"s":"ETHUSDT","p":"2.98","P":"0.134","w":"2238.13","c":"2228.83","Q":"0.034","o":"2225.85","h":"2276.84","l":"2200.90","v":"3504334.257","q":"7843160722.35","O":1701665040000,"C":1701751496483,"F":3405901792,"L":3408874353,"n":2972422}
INFO - 698 - 2023-12-05_10-14-57_ - {"e":"24hrTicker","E":1701751497168,"s":"BTCUSDT","p":"897.70","P":"2.196","w":"41656.59","c":"41784.70","Q":"0.060","o":"40887.00","h":"42440.00","l":"40832.00","v":"532305.425","q":"22174027942.69","O":1701665040000,"C":1701751497166,"F":4343265950,"L":4347784557,"n":4518364}
INFO - 698 - 2023-12-05_10-14-57_ - {"e":"24hrTicker","E":1701751497168,"s":"BTCUSDT","p":"897.70","P":"2.196","w":"41656.59","c":"41784.70","Q":"0.060","o":"40887.00","h":"42440.00","l":"40832.00","v":"532305.425","q":"22174027942.69","O":1701665040000,"C":1701751497166,"F":4343265950,"L":4347784557,"n":4518364}
INFO - 713 - 2023-12-05_10-14-57_ - {"e":"24hrTicker","E":1701751497168,"s":"BTCUSDT","p":"897.70","P":"2.196","w":"41656.59","c":"41784.70","Q":"0.060","o":"40887.00","h":"42440.00","l":"40832.00","v":"532305.425","q":"22174027942.69","O":1701665040000,"C":1701751497166,"F":4343265950,"L":4347784557,"n":4518364}
